<?xml version="1.0" encoding="UTF-8"?>
<!-- Generated by org.testng.reporters.JUnitXMLReporter -->
<testsuite hostname="CPX-ANXXTNSGFUP" ignored="0" name="Default test" tests="7" failures="0" timestamp="07 mar 2019 13:39:43 GMT" time="35.346" errors="0">
  <testcase name="googleSearch" time="4.515" classname="selenideTest.SelenideTest"/>
  <testcase name="sendPersonalData" time="4.765" classname="selenideTest.SelenideTest"/>
  <testcase name="chooseDateAndPicture" time="0.826" classname="selenideTest.SelenideTest"/>
  <testcase name="downloadFramework" time="6.406" classname="selenideTest.SelenideTest"/>
  <testcase name="pickFromListboxes" time="1.203" classname="selenideTest.SelenideTest"/>
  <testcase name="sendForm" time="2.679" classname="selenideTest.SelenideTest"/>
  <testcase name="checkTable" time="7.608" classname="selenideTest.SelenideTest"/>
</testsuite> <!-- Default test -->
