<?xml version="1.0" encoding="UTF-8"?>
<testng-results skipped="0" failed="0" ignored="0" total="7" passed="7">
  <reporter-output>
  </reporter-output>
  <suite name="Default suite" duration-ms="35346" started-at="2019-03-07T13:39:07Z" finished-at="2019-03-07T13:39:43Z">
    <groups>
    </groups>
    <test name="Default test" duration-ms="35346" started-at="2019-03-07T13:39:07Z" finished-at="2019-03-07T13:39:43Z">
      <class name="selenideTest.SelenideTest">
        <test-method status="PASS" signature="init()[pri:0, instance:selenideTest.SelenideTest@1b26f7b2]" name="init" is-config="true" duration-ms="7301" started-at="2019-03-07T13:39:07Z" description="Initialization of ChromeDriver properties" finished-at="2019-03-07T13:39:15Z">
          <reporter-output>
          </reporter-output>
        </test-method> <!-- init -->
        <test-method status="PASS" signature="googleSearch()[pri:0, instance:selenideTest.SelenideTest@1b26f7b2]" name="googleSearch" duration-ms="4515" started-at="2019-03-07T13:39:15Z" description="Find automation practice form in Google" finished-at="2019-03-07T13:39:19Z">
          <reporter-output>
          </reporter-output>
        </test-method> <!-- googleSearch -->
        <test-method status="PASS" signature="sendPersonalData()[pri:0, instance:selenideTest.SelenideTest@1b26f7b2]" name="sendPersonalData" duration-ms="4765" started-at="2019-03-07T13:39:19Z" description="Insert personal data" depends-on-methods="selenideTest.SelenideTest.googleSearch" finished-at="2019-03-07T13:39:24Z">
          <reporter-output>
          </reporter-output>
        </test-method> <!-- sendPersonalData -->
        <test-method status="PASS" signature="chooseDateAndPicture()[pri:0, instance:selenideTest.SelenideTest@1b26f7b2]" name="chooseDateAndPicture" duration-ms="826" started-at="2019-03-07T13:39:24Z" description="Insert date and upload example picture" depends-on-methods="selenideTest.SelenideTest.sendPersonalData" finished-at="2019-03-07T13:39:25Z">
          <reporter-output>
          </reporter-output>
        </test-method> <!-- chooseDateAndPicture -->
        <test-method status="PASS" signature="downloadFramework()[pri:0, instance:selenideTest.SelenideTest@1b26f7b2]" name="downloadFramework" duration-ms="6406" started-at="2019-03-07T13:39:25Z" description="Download file and pick checkbox" depends-on-methods="selenideTest.SelenideTest.chooseDateAndPicture" finished-at="2019-03-07T13:39:31Z">
          <reporter-output>
          </reporter-output>
        </test-method> <!-- downloadFramework -->
        <test-method status="PASS" signature="pickFromListboxes()[pri:0, instance:selenideTest.SelenideTest@1b26f7b2]" name="pickFromListboxes" duration-ms="1203" started-at="2019-03-07T13:39:31Z" description="Pick positions from listbox" depends-on-methods="selenideTest.SelenideTest.downloadFramework" finished-at="2019-03-07T13:39:32Z">
          <reporter-output>
          </reporter-output>
        </test-method> <!-- pickFromListboxes -->
        <test-method status="PASS" signature="sendForm()[pri:0, instance:selenideTest.SelenideTest@1b26f7b2]" name="sendForm" duration-ms="2679" started-at="2019-03-07T13:39:32Z" description="Assert text and send form" depends-on-methods="selenideTest.SelenideTest.pickFromListboxes" finished-at="2019-03-07T13:39:35Z">
          <reporter-output>
          </reporter-output>
        </test-method> <!-- sendForm -->
        <test-method status="PASS" signature="checkTable()[pri:0, instance:selenideTest.SelenideTest@1b26f7b2]" name="checkTable" duration-ms="7608" started-at="2019-03-07T13:39:35Z" description="Open another page and check data" depends-on-methods="selenideTest.SelenideTest.sendForm" finished-at="2019-03-07T13:39:43Z">
          <reporter-output>
          </reporter-output>
        </test-method> <!-- checkTable -->
      </class> <!-- selenideTest.SelenideTest -->
    </test> <!-- Default test -->
  </suite> <!-- Default suite -->
</testng-results>
