<?xml version="1.0" encoding="UTF-8"?>
<testng-results skipped="0" failed="0" total="0" passed="0">
  <reporter-output>
  </reporter-output>
  <suite name="selenideTest.SelenideTest" duration-ms="6007" started-at="2019-03-06T14:44:53Z" finished-at="2019-03-06T14:44:59Z">
    <groups>
    </groups>
    <test name="Command line test" duration-ms="6007" started-at="2019-03-06T14:44:53Z" finished-at="2019-03-06T14:44:59Z">
      <class name="selenideTest.SelenideTest">
        <test-method status="PASS" signature="init()[pri:0, instance:selenideTest.SelenideTest@3cbbc1e0]" name="init" is-config="true" duration-ms="6000" started-at="2019-03-06T15:44:53Z" description="Init ChromeDriver with specified properties" finished-at="2019-03-06T15:44:59Z">
          <reporter-output>
          </reporter-output>
        </test-method> <!-- init -->
      </class> <!-- selenideTest.SelenideTest -->
    </test> <!-- Command line test -->
  </suite> <!-- selenideTest.SelenideTest -->
</testng-results>
